Flutter crash report; please file at https://github.com/flutter/flutter/issues.

## command

flutter packages get

## exception

FileSystemException: FileSystemException: Cannot copy file to '/Users/maimang/Desktop/flutterCouponWeb/flutterCouponWeb/examples/coupon/lib/ThridLib/path_provider-0.5.0+1/example/ios/Podfile', path = '/Users/maimang/Documents/flutter/packages/flutter_tools/templates/cocoapods/Podfile-ios-objc' (OS Error: No such file or directory, errno = 2)

```
#0      _File.throwIfError (dart:io/file_impl.dart:645:7)
#1      _File.copySync (dart:io/file_impl.dart:350:5)
#2      ForwardingFile.copySync (package:file/src/forwarding/forwarding_file.dart:30:50)
#3      CocoaPods.setupPodfile (package:flutter_tools/src/macos/cocoapods.dart:246:21)
<asynchronous suspension>
#4      injectPlugins (package:flutter_tools/src/plugins.dart:827:25)
<asynchronous suspension>
#5      FlutterProject.ensureReadyForPlatformSpecificTooling (package:flutter_tools/src/project.dart:230:11)
<asynchronous suspension>
#6      PackagesGetCommand.runCommand (package:flutter_tools/src/commands/packages.dart:136:28)
<asynchronous suspension>
#7      FlutterCommand.verifyThenRunCommand (package:flutter_tools/src/runner/flutter_command.dart:615:18)
#8      _asyncThenWrapperHelper.<anonymous closure> (dart:async-patch/async_patch.dart:73:64)
#9      _rootRunUnary (dart:async/zone.dart:1134:38)
#10     _CustomZone.runUnary (dart:async/zone.dart:1031:19)
#11     _FutureListener.handleValue (dart:async/future_impl.dart:139:18)
#12     Future._propagateToListeners.handleValueCallback (dart:async/future_impl.dart:680:45)
#13     Future._propagateToListeners (dart:async/future_impl.dart:709:32)
#14     Future._completeWithValue (dart:async/future_impl.dart:524:5)
#15     Future._asyncComplete.<anonymous closure> (dart:async/future_impl.dart:554:7)
#16     _rootRun (dart:async/zone.dart:1126:13)
#17     _CustomZone.run (dart:async/zone.dart:1023:19)
#18     _CustomZone.runGuarded (dart:async/zone.dart:925:7)
#19     _CustomZone.bindCallbackGuarded.<anonymous closure> (dart:async/zone.dart:965:23)
#20     _microtaskLoop (dart:async/schedule_microtask.dart:43:21)
#21     _startMicrotaskLoop (dart:async/schedule_microtask.dart:52:5)
#22     _runPendingImmediateCallback (dart:isolate-patch/isolate_patch.dart:118:13)
#23     _RawReceivePortImpl._handleMessage (dart:isolate-patch/isolate_patch.dart:175:5)
```

## flutter doctor

```
[✓] Flutter (Channel stable, v1.12.13+hotfix.9, on Mac OS X 10.15.4 19E266, locale zh-Hans-CN)
    • Flutter version 1.12.13+hotfix.9 at /Users/maimang/Documents/flutter
    • Framework revision f139b11009 (13 days ago), 2020-03-30 13:57:30 -0700
    • Engine revision af51afceb8
    • Dart version 2.7.2

[✓] Android toolchain - develop for Android devices (Android SDK version 29.0.3)
    • Android SDK at /Users/maimang/Library/Android/sdk
    • Android NDK location not configured (optional; useful for native profiling support)
    • Platform android-29, build-tools 29.0.3
    • Java binary at: /Applications/Android Studio.app/Contents/jre/jdk/Contents/Home/bin/java
    • Java version OpenJDK Runtime Environment (build 1.8.0_202-release-1483-b49-5587405)
    • All Android licenses accepted.

[✓] Xcode - develop for iOS and macOS (Xcode 11.4)
    • Xcode at /Applications/Xcode.app/Contents/Developer
    • Xcode 11.4, Build version 11E146
    • CocoaPods version 1.9.1

[✓] Android Studio (version 3.5)
    • Android Studio at /Applications/Android Studio.app/Contents
    • Flutter plugin version 44.0.1
    • Dart plugin version 191.8593
    • Java version OpenJDK Runtime Environment (build 1.8.0_202-release-1483-b49-5587405)

[✓] VS Code (version 1.44.0)
    • VS Code at /Applications/Visual Studio Code.app/Contents
    • Flutter extension version 3.9.1

[!] Connected device
    ! No devices available

! Doctor found issues in 1 category.
```
